[ERROR] 2020-01-20 15:42:15.903 [main] Main - 2. Password should be longer than 8 characters
4. Password should have at least one uppercase letter
5. Password should at least have one digit
6. Password should have at least one special character

[ERROR] 2020-01-20 15:43:05.313 [main] Main - 2. Password should be longer than 8 characters
4. Password should have at least one uppercase letter
5. Password should at least have one digit
6. Password should have at least one special character

[ERROR] 2020-01-20 15:43:32.333 [main] Main - 2. Password should be longer than 8 characters
4. Password should have at least one uppercase letter
5. Password should at least have one digit
6. Password should have at least one special character

[ERROR] 2020-01-20 15:45:05.541 [main] Main - 2. Password should be longer than 8 characters
4. Password should have at least one uppercase letter
5. Password should at least have one digit
6. Password should have at least one special character

[ERROR] 2020-01-20 15:50:51.153 [main] Main - 2. Password should be longer than 8 characters
[ERROR] 2020-01-20 15:50:51.157 [main] Main - 4. Password should have at least one uppercase letter
[ERROR] 2020-01-20 15:50:51.157 [main] Main - 5. Password should at least have one digit
[ERROR] 2020-01-20 15:50:51.157 [main] Main - 6. Password should have at least one special character
[ERROR] 2020-01-20 15:50:51.158 [main] Main - true
[ERROR] 2020-01-20 15:52:06.383 [main] Main - 2. Password should be longer than 8 characters
[ERROR] 2020-01-20 15:52:06.387 [main] Main - 4. Password should have at least one uppercase letter
[ERROR] 2020-01-20 15:52:06.387 [main] Main - 5. Password should at least have one digit
[ERROR] 2020-01-20 15:52:06.387 [main] Main - 6. Password should have at least one special character
[DEBUG] 2020-01-20 15:52:53.171 [main] Main - Password is never okay if condition 1 and 2 are not met.
[ERROR] 2020-01-20 15:52:53.175 [main] Main - 2. Password should be longer than 8 characters
[ERROR] 2020-01-20 15:52:53.177 [main] Main - 4. Password should have at least one uppercase letter
[ERROR] 2020-01-20 15:52:53.177 [main] Main - 5. Password should at least have one digit
[ERROR] 2020-01-20 15:52:53.177 [main] Main - 6. Password should have at least one special character
