2020-01-17 14:00:36,265 | Main: Password is never okay if condition 1 and 2 are not met.
2020-01-17 14:01:15,721 | Main: Password is never okay if condition 1 and 2 are not met.
2020-01-17 14:01:56,880 | Main: Password is never okay if condition 1 and 2 are not met.
2020-01-20 09:46:46,448 | Main: Password is never okay if condition 1 and 2 are not met.
2020-01-20 09:46:55,902 | Main: Password is never okay if condition 1 and 2 are not met.
2020-01-20 13:26:57,527 | Main: Password is never okay if condition 1 and 2 are not met.
2020-01-20 13:26:57,532 | Main: 2. Password should be longer than 8 characters
2020-01-20 13:26:57,532 | Main: 4. Password should have at least one uppercase letter
2020-01-20 13:26:57,532 | Main: 5. Password should at least have one digit
2020-01-20 13:26:57,532 | Main: 6. Password should have at least one special character
2020-01-20 13:47:15,111 | Main: Password is never okay if condition 1 and 2 are not met.
2020-01-20 13:47:15,117 | Main: 2. Password should be longer than 8 characters
2020-01-20 13:47:15,117 | Main: 3. Password should have at least one lowercase letter
2020-01-20 13:47:15,118 | Main: 4. Password should have at least one uppercase letter
2020-01-20 13:47:42,167 | Main: Password is never okay if condition 1 and 2 are not met.
2020-01-20 13:47:42,170 | Main: 1. Password should exist
2020-01-20 13:47:42,170 | Main: 2. Password should be longer than 8 characters
2020-01-20 13:47:42,170 | Main: 3. Password should have at least one lowercase letter
2020-01-20 13:47:42,170 | Main: 4. Password should have at least one uppercase letter
2020-01-20 13:47:42,171 | Main: 5. Password should at least have one digit
2020-01-20 13:47:42,171 | Main: 6. Password should have at least one special character
2020-01-20 13:49:44,870 | Main: Password is never okay if condition 1 and 2 are not met.
2020-01-20 13:49:44,873 | Main: 1. Password should exist
2020-01-20 13:49:44,873 | Main: 2. Password should be longer than 8 characters
2020-01-20 13:49:44,873 | Main: 3. Password should have at least one lowercase letter
2020-01-20 13:49:44,873 | Main: 4. Password should have at least one uppercase letter
2020-01-20 13:49:44,873 | Main: 5. Password should at least have one digit
2020-01-20 13:49:44,873 | Main: 6. Password should have at least one special character
2020-01-20 13:50:52,294 | Main: Password is never okay if condition 1 and 2 are not met.
2020-01-20 13:50:52,300 | Main: 1. Password should exist
2020-01-20 13:50:52,300 | Main: 2. Password should be longer than 8 characters
2020-01-20 13:50:52,301 | Main: 3. Password should have at least one lowercase letter
2020-01-20 13:50:52,301 | Main: 4. Password should have at least one uppercase letter
2020-01-20 13:50:52,301 | Main: 5. Password should at least have one digit
2020-01-20 13:50:52,301 | Main: 6. Password should have at least one special character
2020-01-20 13:54:29,082 | Main: Password is never okay if condition 1 and 2 are not met.
2020-01-20 15:09:31,272 | Main: Password is never okay if condition 1 and 2 are not met.
2020-01-20 15:09:31,275 | Main: 2. Password should be longer than 8 characters
2020-01-20 15:09:31,276 | Main: 4. Password should have at least one uppercase letter
2020-01-20 15:09:31,276 | Main: 5. Password should at least have one digit
2020-01-20 15:18:24,492 | Main: Password is never okay if condition 1 and 2 are not met.
2020-01-20 15:18:24,497 | Main: false
2020-01-20 15:18:24,497 | Main: 2. Password should be longer than 8 characters
2020-01-20 15:18:24,497 | Main: 4. Password should have at least one uppercase letter
2020-01-20 15:18:24,497 | Main: 5. Password should at least have one digit
2020-01-20 15:18:24,497 | Main: 6. Password should have at least one special character
2020-01-20 15:18:24,498 | Main: true
2020-01-20 15:19:29,880 | Main: Password is never okay if condition 1 and 2 are not met.
2020-01-20 15:19:29,883 | Main: 2. Password should be longer than 8 characters
2020-01-20 15:19:29,884 | Main: 4. Password should have at least one uppercase letter
2020-01-20 15:19:29,884 | Main: 5. Password should at least have one digit
2020-01-20 15:19:29,884 | Main: 6. Password should have at least one special character
2020-01-20 15:19:29,885 | Main: true
[DEBUG] 2020-01-20 15:23:19.573 [main] Main - Password is never okay if condition 1 and 2 are not met.
[ERROR] 2020-01-20 15:23:19.576 [main] Main - 2. Password should be longer than 8 characters
[ERROR] 2020-01-20 15:23:19.577 [main] Main - 4. Password should have at least one uppercase letter
[ERROR] 2020-01-20 15:23:19.577 [main] Main - 5. Password should at least have one digit
[ERROR] 2020-01-20 15:23:19.577 [main] Main - 6. Password should have at least one special character
[ERROR] 2020-01-20 15:23:19.578 [main] Main - true
[DEBUG] 2020-01-20 15:28:38.704 [main] Main - Password is never okay if condition 1 and 2 are not met.
[DEBUG] 2020-01-20 15:28:38.707 [main] Main - false
[ERROR] 2020-01-20 15:28:38.709 [main] Main - 2. Password should be longer than 8 characters4. Password should have at least one uppercase letter5. Password should at least have one digit6. Password should have at least one special character
[DEBUG] 2020-01-20 15:34:22.220 [main] Main - Password is never okay if condition 1 and 2 are not met.
[DEBUG] 2020-01-20 15:35:04.028 [main] Main - Password is never okay if condition 1 and 2 are not met.
[ERROR] 2020-01-20 15:35:04.031 [main] Main - 2. Password should be longer than 8 characters
[ERROR] 2020-01-20 15:35:04.032 [main] Main - 4. Password should have at least one uppercase letter
[ERROR] 2020-01-20 15:35:04.032 [main] Main - 5. Password should at least have one digit
[ERROR] 2020-01-20 15:35:04.032 [main] Main - 6. Password should have at least one special character
[DEBUG] 2020-01-20 15:36:42.520 [main] Main - Password is never okay if condition 1 and 2 are not met.
[DEBUG] 2020-01-20 15:39:03.574 [main] Main - Password is never okay if condition 1 and 2 are not met.
[DEBUG] 2020-01-20 15:39:03.581 [main] Main - false
[ERROR] 2020-01-20 15:39:03.582 [main] Main - 2. Password should be longer than 8 characters
4. Password should have at least one uppercase letter
5. Password should at least have one digit
6. Password should have at least one special character

[ERROR] 2020-01-20 15:40:33.123 [main] Main - 2. Password should be longer than 8 characters
4. Password should have at least one uppercase letter
5. Password should at least have one digit
6. Password should have at least one special character

[ERROR] 2020-01-20 15:40:33.123 [main] Main - 2. Password should be longer than 8 characters
4. Password should have at least one uppercase letter
5. Password should at least have one digit
6. Password should have at least one special character

[ERROR] 2020-01-20 15:41:22.375 [main] Main - 2. Password should be longer than 8 characters
4. Password should have at least one uppercase letter
5. Password should at least have one digit
6. Password should have at least one special character

[ERROR] 2020-01-20 15:41:22.375 [main] Main - 2. Password should be longer than 8 characters
4. Password should have at least one uppercase letter
5. Password should at least have one digit
6. Password should have at least one special character

